<?xml version="1.0" encoding="UTF-8"?>
<testng-results ignored="0" total="1" passed="1" failed="0" skipped="0">
  <reporter-output>
  </reporter-output>
  <suite started-at="2023-07-05T16:39:49 IST" name="Default suite" finished-at="2023-07-05T16:39:49 IST" duration-ms="90">
    <groups>
    </groups>
    <test started-at="2023-07-05T16:39:49 IST" name="Default test" finished-at="2023-07-05T16:39:49 IST" duration-ms="90">
      <class name="test.AppTest">
        <test-method signature="testlogin1()[pri:0, instance:test.AppTest@6c1a5b54]" started-at="2023-07-05T16:39:49 IST" name="testlogin1" finished-at="2023-07-05T16:39:49 IST" duration-ms="23" status="PASS">
          <reporter-output>
          </reporter-output>
        </test-method> <!-- testlogin1 -->
      </class> <!-- test.AppTest -->
    </test> <!-- Default test -->
  </suite> <!-- Default suite -->
</testng-results>
